
 Дата и время вызова: 2024-01-29 15:29:04
 имя функции: hello_world
 аргументы: (), {}
 возвращаемое значение: Hello World

 Дата и время вызова: 2024-01-29 15:29:04
 имя функции: summator
 аргументы: (2, 2), {}
 возвращаемое значение: 4

 Дата и время вызова: 2024-01-29 15:29:04
 имя функции: div
 аргументы: (6, 2), {}
 возвращаемое значение: 3.0

 Дата и время вызова: 2024-01-29 15:29:04
 имя функции: summator
 аргументы: (4.3,), {'b': 2.2}
 возвращаемое значение: 6.5

 Дата и время вызова: 2024-01-29 15:29:04
 имя функции: summator
 аргументы: (), {'a': 0, 'b': 0}
 возвращаемое значение: 0
